#
# A fatal error has been detected by the Java Runtime Environment:
#
#  Internal Error (classFileParser.cpp:3470), pid=5154, tid=140168882599680
#  Error: ShouldNotReachHere()
#
# JRE version: 7.0_147-b147
# Java VM: OpenJDK 64-Bit Server VM (21.0-b17 mixed mode linux-amd64 compressed oops)
# Derivative: IcedTea7 2.0
# Distribution: Ubuntu 11.10, package 7~b147-2.0-0ubuntu0.11.10.1
# Failed to write core dump. Core dumps have been disabled. To enable core dumping, try "ulimit -c unlimited" before starting Java again
#
# If you would like to submit a bug report, please include
# instructions on how to reproduce the bug and visit:
#   https://bugs.launchpad.net/ubuntu/+source/openjdk-7/
#

---------------  T H R E A D  ---------------

Current thread (0x000000000194c800):  JavaThread "Unknown thread" [_thread_in_vm, id=5157, stack(0x00007f7b9c64b000,0x00007f7b9c74c000)]

Stack: [0x00007f7b9c64b000,0x00007f7b9c74c000],  sp=0x00007f7b9c74a1c0,  free space=1020k
Native frames: (J=compiled Java code, j=interpreted, Vv=VM code, C=native code)
V  [libjvm.so+0x7fbfb9]  VMError::report_and_die()+0x169
V  [libjvm.so+0x3c9470]  report_should_not_reach_here(char const*, int)+0x40
V  [libjvm.so+0x351597]  ClassFileParser::parseClassFile(Symbol*, Handle, Handle, KlassHandle, GrowableArray<Handle>*, TempNewSymbol&, bool, Thread*)+0x1787
V  [libjvm.so+0x3558d8]  ClassLoader::load_classfile(Symbol*, Thread*)+0x1e8
V  [libjvm.so+0x78a6e4]  SystemDictionary::load_instance_class(Symbol*, Handle, Thread*)+0x3f4
V  [libjvm.so+0x788c19]  SystemDictionary::resolve_instance_class_or_null(Symbol*, Handle, Handle, Thread*)+0x609
V  [libjvm.so+0x78b115]  SystemDictionary::initialize_wk_klasses_until(SystemDictionary::WKID, SystemDictionary::WKID&, Thread*)+0x145
V  [libjvm.so+0x78b277]  SystemDictionary::initialize_preloaded_classes(Thread*)+0x67
V  [libjvm.so+0x7d7d23]  Universe::genesis(Thread*)+0x443
V  [libjvm.so+0x7d81d2]  universe2_init()+0x32
V  [libjvm.so+0x4a14f5]  init_globals()+0x95
V  [libjvm.so+0x7be4c4]  Threads::create_vm(JavaVMInitArgs*, bool*)+0x394
V  [libjvm.so+0x5017aa]  JNI_CreateJavaVM+0x5a
C  [libjli.so+0x27cc]  __strcat_chk+0x27cc


---------------  P R O C E S S  ---------------

Java Threads: ( => current thread )

Other Threads:

=>0x000000000194c800 (exited) JavaThread "Unknown thread" [_thread_in_vm, id=5157, stack(0x00007f7b9c64b000,0x00007f7b9c74c000)]

VM state:not at safepoint (not fully initialized)

VM Mutex/Monitor currently owned by a thread: None

Dynamic libraries:
00400000-00401000 r-xp 00000000 08:05 2364207                            /usr/lib/jvm/java-7-openjdk-amd64/jre/bin/java
00600000-00601000 r--p 00000000 08:05 2364207                            /usr/lib/jvm/java-7-openjdk-amd64/jre/bin/java
00601000-00602000 rw-p 00001000 08:05 2364207                            /usr/lib/jvm/java-7-openjdk-amd64/jre/bin/java
01942000-019b1000 rw-p 00000000 00:00 0                                  [heap]
be000000-bf4c0000 rw-p 00000000 00:00 0 
bf4c0000-c8600000 rw-p 00000000 00:00 0 
c8600000-cab20000 rw-p 00000000 00:00 0 
cab20000-ed760000 rw-p 00000000 00:00 0 
ed760000-ee9e0000 rw-p 00000000 00:00 0 
ee9e0000-100000000 rw-p 00000000 00:00 0 
7f7b95eff000-7f7b95f45000 r--s 002b3000 08:05 5512520                    /home/egemen/ANDROID/android-sdk-linux/platforms/android-3/android.jar
7f7b95f45000-7f7b95f6d000 rw-p 00000000 00:00 0 
7f7b95f6d000-7f7b95f6e000 ---p 00000000 00:00 0 
7f7b95f6e000-7f7b9606e000 rw-p 00000000 00:00 0 
7f7b9606e000-7f7b9606f000 ---p 00000000 00:00 0 
7f7b9606f000-7f7b9617a000 rw-p 00000000 00:00 0 
7f7b9617a000-7f7b961c2000 rw-p 00000000 00:00 0 
7f7b961c2000-7f7b961d5000 rw-p 00000000 00:00 0 
7f7b961d5000-7f7b962eb000 rw-p 00000000 00:00 0 
7f7b962eb000-7f7b962f6000 rw-p 00000000 00:00 0 
7f7b962f6000-7f7b9633e000 rw-p 00000000 00:00 0 
7f7b9633e000-7f7b96351000 rw-p 00000000 00:00 0 
7f7b96351000-7f7b96466000 rw-p 00000000 00:00 0 
7f7b96466000-7f7b96470000 rw-p 00000000 00:00 0 
7f7b96470000-7f7b964fb000 rw-p 00000000 00:00 0 
7f7b964fb000-7f7b964fc000 rw-p 00000000 00:00 0 
7f7b964fc000-7f7b9676c000 rwxp 00000000 00:00 0 
7f7b9676c000-7f7b994fc000 rw-p 00000000 00:00 0 
7f7b994fc000-7f7b99504000 r-xp 00000000 08:05 2498317                    /usr/lib/jvm/java-7-openjdk-amd64/jre/lib/amd64/libzip.so
7f7b99504000-7f7b99703000 ---p 00008000 08:05 2498317                    /usr/lib/jvm/java-7-openjdk-amd64/jre/lib/amd64/libzip.so
7f7b99703000-7f7b99704000 r--p 00007000 08:05 2498317                    /usr/lib/jvm/java-7-openjdk-amd64/jre/lib/amd64/libzip.so
7f7b99704000-7f7b99705000 rw-p 00008000 08:05 2498317                    /usr/lib/jvm/java-7-openjdk-amd64/jre/lib/amd64/libzip.so
7f7b99705000-7f7b99711000 r-xp 00000000 08:05 393367                     /lib/x86_64-linux-gnu/libnss_files-2.13.so
7f7b99711000-7f7b99910000 ---p 0000c000 08:05 393367                     /lib/x86_64-linux-gnu/libnss_files-2.13.so
7f7b99910000-7f7b99911000 r--p 0000b000 08:05 393367                     /lib/x86_64-linux-gnu/libnss_files-2.13.so
7f7b99911000-7f7b99912000 rw-p 0000c000 08:05 393367                     /lib/x86_64-linux-gnu/libnss_files-2.13.so
7f7b99912000-7f7b9991c000 r-xp 00000000 08:05 393369                     /lib/x86_64-linux-gnu/libnss_nis-2.13.so
7f7b9991c000-7f7b99b1c000 ---p 0000a000 08:05 393369                     /lib/x86_64-linux-gnu/libnss_nis-2.13.so
7f7b99b1c000-7f7b99b1d000 r--p 0000a000 08:05 393369                     /lib/x86_64-linux-gnu/libnss_nis-2.13.so
7f7b99b1d000-7f7b99b1e000 rw-p 0000b000 08:05 393369                     /lib/x86_64-linux-gnu/libnss_nis-2.13.so
7f7b99b1e000-7f7b99b35000 r-xp 00000000 08:05 393364                     /lib/x86_64-linux-gnu/libnsl-2.13.so
7f7b99b35000-7f7b99d34000 ---p 00017000 08:05 393364                     /lib/x86_64-linux-gnu/libnsl-2.13.so
7f7b99d34000-7f7b99d35000 r--p 00016000 08:05 393364                     /lib/x86_64-linux-gnu/libnsl-2.13.so
7f7b99d35000-7f7b99d36000 rw-p 00017000 08:05 393364                     /lib/x86_64-linux-gnu/libnsl-2.13.so
7f7b99d36000-7f7b99d38000 rw-p 00000000 00:00 0 
7f7b99d38000-7f7b99d40000 r-xp 00000000 08:05 393365                     /lib/x86_64-linux-gnu/libnss_compat-2.13.so
7f7b99d40000-7f7b99f3f000 ---p 00008000 08:05 393365                     /lib/x86_64-linux-gnu/libnss_compat-2.13.so
7f7b99f3f000-7f7b99f40000 r--p 00007000 08:05 393365                     /lib/x86_64-linux-gnu/libnss_compat-2.13.so
7f7b99f40000-7f7b99f41000 rw-p 00008000 08:05 393365                     /lib/x86_64-linux-gnu/libnss_compat-2.13.so
7f7b99f41000-7f7b99f6a000 r-xp 00000000 08:05 2498316                    /usr/lib/jvm/java-7-openjdk-amd64/jre/lib/amd64/libjava.so
7f7b99f6a000-7f7b9a169000 ---p 00029000 08:05 2498316                    /usr/lib/jvm/java-7-openjdk-amd64/jre/lib/amd64/libjava.so
7f7b9a169000-7f7b9a16a000 r--p 00028000 08:05 2498316                    /usr/lib/jvm/java-7-openjdk-amd64/jre/lib/amd64/libjava.so
7f7b9a16a000-7f7b9a16c000 rw-p 00029000 08:05 2498316                    /usr/lib/jvm/java-7-openjdk-amd64/jre/lib/amd64/libjava.so
7f7b9a16c000-7f7b9a17a000 r-xp 00000000 08:05 2498302                    /usr/lib/jvm/java-7-openjdk-amd64/jre/lib/amd64/libverify.so
7f7b9a17a000-7f7b9a379000 ---p 0000e000 08:05 2498302                    /usr/lib/jvm/java-7-openjdk-amd64/jre/lib/amd64/libverify.so
7f7b9a379000-7f7b9a37b000 r--p 0000d000 08:05 2498302                    /usr/lib/jvm/java-7-openjdk-amd64/jre/lib/amd64/libverify.so
7f7b9a37b000-7f7b9a37c000 rw-p 0000f000 08:05 2498302                    /usr/lib/jvm/java-7-openjdk-amd64/jre/lib/amd64/libverify.so
7f7b9a37c000-7f7b9a383000 r-xp 00000000 08:05 393374                     /lib/x86_64-linux-gnu/librt-2.13.so
7f7b9a383000-7f7b9a582000 ---p 00007000 08:05 393374                     /lib/x86_64-linux-gnu/librt-2.13.so
7f7b9a582000-7f7b9a583000 r--p 00006000 08:05 393374                     /lib/x86_64-linux-gnu/librt-2.13.so
7f7b9a583000-7f7b9a584000 rw-p 00007000 08:05 393374                     /lib/x86_64-linux-gnu/librt-2.13.so
7f7b9a584000-7f7b9a599000 r-xp 00000000 08:05 397000                     /lib/x86_64-linux-gnu/libgcc_s.so.1
7f7b9a599000-7f7b9a798000 ---p 00015000 08:05 397000                     /lib/x86_64-linux-gnu/libgcc_s.so.1
7f7b9a798000-7f7b9a799000 r--p 00014000 08:05 397000                     /lib/x86_64-linux-gnu/libgcc_s.so.1
7f7b9a799000-7f7b9a79a000 rw-p 00015000 08:05 397000                     /lib/x86_64-linux-gnu/libgcc_s.so.1
7f7b9a79a000-7f7b9a81d000 r-xp 00000000 08:05 393362                     /lib/x86_64-linux-gnu/libm-2.13.so
7f7b9a81d000-7f7b9aa1c000 ---p 00083000 08:05 393362                     /lib/x86_64-linux-gnu/libm-2.13.so
7f7b9aa1c000-7f7b9aa1d000 r--p 00082000 08:05 393362                     /lib/x86_64-linux-gnu/libm-2.13.so
7f7b9aa1d000-7f7b9aa1e000 rw-p 00083000 08:05 393362                     /lib/x86_64-linux-gnu/libm-2.13.so
7f7b9aa1e000-7f7b9ab06000 r-xp 00000000 08:05 8789540                    /usr/lib/x86_64-linux-gnu/libstdc++.so.6.0.16
7f7b9ab06000-7f7b9ad06000 ---p 000e8000 08:05 8789540                    /usr/lib/x86_64-linux-gnu/libstdc++.so.6.0.16
7f7b9ad06000-7f7b9ad0e000 r--p 000e8000 08:05 8789540                    /usr/lib/x86_64-linux-gnu/libstdc++.so.6.0.16
7f7b9ad0e000-7f7b9ad10000 rw-p 000f0000 08:05 8789540                    /usr/lib/x86_64-linux-gnu/libstdc++.so.6.0.16
7f7b9ad10000-7f7b9ad25000 rw-p 00000000 00:00 0 
7f7b9ad25000-7f7b9b6ab000 r-xp 00000000 08:05 2626449                    /usr/lib/jvm/java-7-openjdk-amd64/jre/lib/amd64/server/libjvm.so
7f7b9b6ab000-7f7b9b8ab000 ---p 00986000 08:05 2626449                    /usr/lib/jvm/java-7-openjdk-amd64/jre/lib/amd64/server/libjvm.so
7f7b9b8ab000-7f7b9b929000 r--p 00986000 08:05 2626449                    /usr/lib/jvm/java-7-openjdk-amd64/jre/lib/amd64/server/libjvm.so
7f7b9b929000-7f7b9b944000 rw-p 00a04000 08:05 2626449                    /usr/lib/jvm/java-7-openjdk-amd64/jre/lib/amd64/server/libjvm.so
7f7b9b944000-7f7b9b96f000 rw-p 00000000 00:00 0 
7f7b9b96f000-7f7b9b987000 r-xp 00000000 08:05 393372                     /lib/x86_64-linux-gnu/libpthread-2.13.so
7f7b9b987000-7f7b9bb86000 ---p 00018000 08:05 393372                     /lib/x86_64-linux-gnu/libpthread-2.13.so
7f7b9bb86000-7f7b9bb87000 r--p 00017000 08:05 393372                     /lib/x86_64-linux-gnu/libpthread-2.13.so
7f7b9bb87000-7f7b9bb88000 rw-p 00018000 08:05 393372                     /lib/x86_64-linux-gnu/libpthread-2.13.so
7f7b9bb88000-7f7b9bb8c000 rw-p 00000000 00:00 0 
7f7b9bb8c000-7f7b9bba3000 r-xp 00000000 08:05 397062                     /lib/x86_64-linux-gnu/libz.so.1.2.3.4
7f7b9bba3000-7f7b9bda2000 ---p 00017000 08:05 397062                     /lib/x86_64-linux-gnu/libz.so.1.2.3.4
7f7b9bda2000-7f7b9bda3000 r--p 00016000 08:05 397062                     /lib/x86_64-linux-gnu/libz.so.1.2.3.4
7f7b9bda3000-7f7b9bda4000 rw-p 00017000 08:05 397062                     /lib/x86_64-linux-gnu/libz.so.1.2.3.4
7f7b9bda4000-7f7b9bda6000 r-xp 00000000 08:05 393361                     /lib/x86_64-linux-gnu/libdl-2.13.so
7f7b9bda6000-7f7b9bfa6000 ---p 00002000 08:05 393361                     /lib/x86_64-linux-gnu/libdl-2.13.so
7f7b9bfa6000-7f7b9bfa7000 r--p 00002000 08:05 393361                     /lib/x86_64-linux-gnu/libdl-2.13.so
7f7b9bfa7000-7f7b9bfa8000 rw-p 00003000 08:05 393361                     /lib/x86_64-linux-gnu/libdl-2.13.so
7f7b9bfa8000-7f7b9c13f000 r-xp 00000000 08:05 393256                     /lib/x86_64-linux-gnu/libc-2.13.so
7f7b9c13f000-7f7b9c33e000 ---p 00197000 08:05 393256                     /lib/x86_64-linux-gnu/libc-2.13.so
7f7b9c33e000-7f7b9c342000 r--p 00196000 08:05 393256                     /lib/x86_64-linux-gnu/libc-2.13.so
7f7b9c342000-7f7b9c343000 rw-p 0019a000 08:05 393256                     /lib/x86_64-linux-gnu/libc-2.13.so
7f7b9c343000-7f7b9c349000 rw-p 00000000 00:00 0 
7f7b9c349000-7f7b9c355000 r-xp 00000000 08:05 2626447                    /usr/lib/jvm/java-7-openjdk-amd64/jre/lib/amd64/jli/libjli.so
7f7b9c355000-7f7b9c554000 ---p 0000c000 08:05 2626447                    /usr/lib/jvm/java-7-openjdk-amd64/jre/lib/amd64/jli/libjli.so
7f7b9c554000-7f7b9c555000 r--p 0000b000 08:05 2626447                    /usr/lib/jvm/java-7-openjdk-amd64/jre/lib/amd64/jli/libjli.so
7f7b9c555000-7f7b9c556000 rw-p 0000c000 08:05 2626447                    /usr/lib/jvm/java-7-openjdk-amd64/jre/lib/amd64/jli/libjli.so
7f7b9c556000-7f7b9c577000 r-xp 00000000 08:05 393220                     /lib/x86_64-linux-gnu/ld-2.13.so
7f7b9c58b000-7f7b9c595000 rw-p 00000000 00:00 0 
7f7b9c595000-7f7b9c64b000 rw-p 00000000 00:00 0 
7f7b9c64b000-7f7b9c64e000 ---p 00000000 00:00 0 
7f7b9c64e000-7f7b9c751000 rw-p 00000000 00:00 0 
7f7b9c76a000-7f7b9c772000 rw-s 00000000 08:05 5904740                    /tmp/hsperfdata_egemen/5154
7f7b9c772000-7f7b9c773000 rw-p 00000000 00:00 0 
7f7b9c773000-7f7b9c774000 r--p 00000000 00:00 0 
7f7b9c774000-7f7b9c776000 rw-p 00000000 00:00 0 
7f7b9c776000-7f7b9c777000 r--p 00020000 08:05 393220                     /lib/x86_64-linux-gnu/ld-2.13.so
7f7b9c777000-7f7b9c779000 rw-p 00021000 08:05 393220                     /lib/x86_64-linux-gnu/ld-2.13.so
7fffb79b4000-7fffb79d5000 rw-p 00000000 00:00 0                          [stack]
7fffb79ff000-7fffb7a00000 r-xp 00000000 00:00 0                          [vdso]
ffffffffff600000-ffffffffff601000 r-xp 00000000 00:00 0                  [vsyscall]

VM Arguments:
jvm_args: -Dfile.encoding=UTF-8 -Xbootclasspath:/home/egemen/ANDROID/android-sdk-linux/platforms/android-3/android.jar 
java_command: uav.xml.parserconstructor.Parser
Launcher Type: SUN_STANDARD

Environment Variables:
PATH=/usr/lib/lightdm/lightdm:/usr/local/sbin:/usr/local/bin:/usr/sbin:/usr/bin:/sbin:/bin:/usr/games
USERNAME=egemen
SHELL=/bin/bash
DISPLAY=:0.0

Signal Handlers:
SIGSEGV: [libjvm.so+0x7fca30], sa_mask[0]=0x7ffbfeff, sa_flags=0x10000004
SIGBUS: [libjvm.so+0x7fca30], sa_mask[0]=0x7ffbfeff, sa_flags=0x10000004
SIGFPE: [libjvm.so+0x6a1150], sa_mask[0]=0x7ffbfeff, sa_flags=0x10000004
SIGPIPE: [libjvm.so+0x6a1150], sa_mask[0]=0x7ffbfeff, sa_flags=0x10000004
SIGXFSZ: [libjvm.so+0x6a1150], sa_mask[0]=0x7ffbfeff, sa_flags=0x10000004
SIGILL: [libjvm.so+0x6a1150], sa_mask[0]=0x7ffbfeff, sa_flags=0x10000004
SIGUSR1: SIG_DFL, sa_mask[0]=0x00000000, sa_flags=0x00000000
SIGUSR2: [libjvm.so+0x6a1520], sa_mask[0]=0x00000004, sa_flags=0x10000004
SIGHUP: SIG_DFL, sa_mask[0]=0x00000000, sa_flags=0x00000000
SIGINT: SIG_DFL, sa_mask[0]=0x00000000, sa_flags=0x00000000
SIGTERM: SIG_DFL, sa_mask[0]=0x00000000, sa_flags=0x00000000
SIGQUIT: SIG_DFL, sa_mask[0]=0x00000000, sa_flags=0x00000000


---------------  S Y S T E M  ---------------

OS:Ubuntu 11.10 (oneiric)
uname:Linux 3.0.0-19-generic #33-Ubuntu SMP Thu Apr 19 19:05:14 UTC 2012 x86_64
libc:glibc 2.13 NPTL 2.13 
rlimit: STACK 8192k, CORE 0k, NPROC 28332, NOFILE 4096, AS infinity
load average:0.98 1.21 1.13

/proc/meminfo:
MemTotal:        3644448 kB
MemFree:          184152 kB
Buffers:           97996 kB
Cached:          1070912 kB
SwapCached:          820 kB
Active:          2136540 kB
Inactive:         942408 kB
Active(anon):    1703516 kB
Inactive(anon):   220768 kB
Active(file):     433024 kB
Inactive(file):   721640 kB
Unevictable:          16 kB
Mlocked:              16 kB
SwapTotal:       3774460 kB
SwapFree:        3772916 kB
Dirty:               168 kB
Writeback:             0 kB
AnonPages:       1909512 kB
Mapped:           309732 kB
Shmem:             14244 kB
Slab:              89632 kB
SReclaimable:      62772 kB
SUnreclaim:        26860 kB
KernelStack:        4424 kB
PageTables:        37848 kB
NFS_Unstable:          0 kB
Bounce:                0 kB
WritebackTmp:          0 kB
CommitLimit:     5596684 kB
Committed_AS:    5178340 kB
VmallocTotal:   34359738367 kB
VmallocUsed:       87496 kB
VmallocChunk:   34359648668 kB
HardwareCorrupted:     0 kB
AnonHugePages:         0 kB
HugePages_Total:       0
HugePages_Free:        0
HugePages_Rsvd:        0
HugePages_Surp:        0
Hugepagesize:       2048 kB
DirectMap4k:      141312 kB
DirectMap2M:     2590720 kB
DirectMap1G:     1048576 kB


CPU:total 2 (2 cores per cpu, 1 threads per core) family 20 model 2 stepping 0, cmov, cx8, fxsr, mmx, sse, sse2, sse3, ssse3, popcnt, mmxext, lzcnt, sse4a

Memory: 4k page, physical 3644448k(184152k free), swap 3774460k(3772916k free)

vm_info: OpenJDK 64-Bit Server VM (21.0-b17) for linux-amd64 JRE (1.7.0_147-b147), built on Oct 21 2011 22:21:29 by "buildd" with gcc 4.6.1

time: Tue May 15 01:34:43 2012
elapsed time: 0 seconds

