#
# A fatal error has been detected by the Java Runtime Environment:
#
#  Internal Error (classFileParser.cpp:3470), pid=5226, tid=140480750946048
#  Error: ShouldNotReachHere()
#
# JRE version: 7.0_147-b147
# Java VM: OpenJDK 64-Bit Server VM (21.0-b17 mixed mode linux-amd64 compressed oops)
# Derivative: IcedTea7 2.0
# Distribution: Ubuntu 11.10, package 7~b147-2.0-0ubuntu0.11.10.1
# Failed to write core dump. Core dumps have been disabled. To enable core dumping, try "ulimit -c unlimited" before starting Java again
#
# If you would like to submit a bug report, please include
# instructions on how to reproduce the bug and visit:
#   https://bugs.launchpad.net/ubuntu/+source/openjdk-7/
#

---------------  T H R E A D  ---------------

Current thread (0x00000000013b7800):  JavaThread "Unknown thread" [_thread_in_vm, id=5229, stack(0x00007fc439320000,0x00007fc439421000)]

Stack: [0x00007fc439320000,0x00007fc439421000],  sp=0x00007fc43941f1c0,  free space=1020k
Native frames: (J=compiled Java code, j=interpreted, Vv=VM code, C=native code)
V  [libjvm.so+0x7fbfb9]  VMError::report_and_die()+0x169
V  [libjvm.so+0x3c9470]  report_should_not_reach_here(char const*, int)+0x40
V  [libjvm.so+0x351597]  ClassFileParser::parseClassFile(Symbol*, Handle, Handle, KlassHandle, GrowableArray<Handle>*, TempNewSymbol&, bool, Thread*)+0x1787
V  [libjvm.so+0x3558d8]  ClassLoader::load_classfile(Symbol*, Thread*)+0x1e8
V  [libjvm.so+0x78a6e4]  SystemDictionary::load_instance_class(Symbol*, Handle, Thread*)+0x3f4
V  [libjvm.so+0x788c19]  SystemDictionary::resolve_instance_class_or_null(Symbol*, Handle, Handle, Thread*)+0x609
V  [libjvm.so+0x78b115]  SystemDictionary::initialize_wk_klasses_until(SystemDictionary::WKID, SystemDictionary::WKID&, Thread*)+0x145
V  [libjvm.so+0x78b277]  SystemDictionary::initialize_preloaded_classes(Thread*)+0x67
V  [libjvm.so+0x7d7d23]  Universe::genesis(Thread*)+0x443
V  [libjvm.so+0x7d81d2]  universe2_init()+0x32
V  [libjvm.so+0x4a14f5]  init_globals()+0x95
V  [libjvm.so+0x7be4c4]  Threads::create_vm(JavaVMInitArgs*, bool*)+0x394
V  [libjvm.so+0x5017aa]  JNI_CreateJavaVM+0x5a
C  [libjli.so+0x27cc]  __strcat_chk+0x27cc


---------------  P R O C E S S  ---------------

Java Threads: ( => current thread )

Other Threads:

=>0x00000000013b7800 (exited) JavaThread "Unknown thread" [_thread_in_vm, id=5229, stack(0x00007fc439320000,0x00007fc439421000)]

VM state:not at safepoint (not fully initialized)

VM Mutex/Monitor currently owned by a thread: None

Dynamic libraries:
00400000-00401000 r-xp 00000000 08:05 2364207                            /usr/lib/jvm/java-7-openjdk-amd64/jre/bin/java
00600000-00601000 r--p 00000000 08:05 2364207                            /usr/lib/jvm/java-7-openjdk-amd64/jre/bin/java
00601000-00602000 rw-p 00001000 08:05 2364207                            /usr/lib/jvm/java-7-openjdk-amd64/jre/bin/java
013ad000-0141c000 rw-p 00000000 00:00 0                                  [heap]
be000000-bf4c0000 rw-p 00000000 00:00 0 
bf4c0000-c8600000 rw-p 00000000 00:00 0 
c8600000-cab20000 rw-p 00000000 00:00 0 
cab20000-ed760000 rw-p 00000000 00:00 0 
ed760000-ee9e0000 rw-p 00000000 00:00 0 
ee9e0000-100000000 rw-p 00000000 00:00 0 
7fc432bd4000-7fc432c1a000 r--s 002b3000 08:05 5512520                    /home/egemen/ANDROID/android-sdk-linux/platforms/android-3/android.jar
7fc432c1a000-7fc432c42000 rw-p 00000000 00:00 0 
7fc432c42000-7fc432c43000 ---p 00000000 00:00 0 
7fc432c43000-7fc432d43000 rw-p 00000000 00:00 0 
7fc432d43000-7fc432d44000 ---p 00000000 00:00 0 
7fc432d44000-7fc432e4f000 rw-p 00000000 00:00 0 
7fc432e4f000-7fc432e97000 rw-p 00000000 00:00 0 
7fc432e97000-7fc432eaa000 rw-p 00000000 00:00 0 
7fc432eaa000-7fc432fc0000 rw-p 00000000 00:00 0 
7fc432fc0000-7fc432fcb000 rw-p 00000000 00:00 0 
7fc432fcb000-7fc433013000 rw-p 00000000 00:00 0 
7fc433013000-7fc433026000 rw-p 00000000 00:00 0 
7fc433026000-7fc43313b000 rw-p 00000000 00:00 0 
7fc43313b000-7fc433145000 rw-p 00000000 00:00 0 
7fc433145000-7fc4331d0000 rw-p 00000000 00:00 0 
7fc4331d0000-7fc4331d1000 rw-p 00000000 00:00 0 
7fc4331d1000-7fc433441000 rwxp 00000000 00:00 0 
7fc433441000-7fc4361d1000 rw-p 00000000 00:00 0 
7fc4361d1000-7fc4361d9000 r-xp 00000000 08:05 2498317                    /usr/lib/jvm/java-7-openjdk-amd64/jre/lib/amd64/libzip.so
7fc4361d9000-7fc4363d8000 ---p 00008000 08:05 2498317                    /usr/lib/jvm/java-7-openjdk-amd64/jre/lib/amd64/libzip.so
7fc4363d8000-7fc4363d9000 r--p 00007000 08:05 2498317                    /usr/lib/jvm/java-7-openjdk-amd64/jre/lib/amd64/libzip.so
7fc4363d9000-7fc4363da000 rw-p 00008000 08:05 2498317                    /usr/lib/jvm/java-7-openjdk-amd64/jre/lib/amd64/libzip.so
7fc4363da000-7fc4363e6000 r-xp 00000000 08:05 393367                     /lib/x86_64-linux-gnu/libnss_files-2.13.so
7fc4363e6000-7fc4365e5000 ---p 0000c000 08:05 393367                     /lib/x86_64-linux-gnu/libnss_files-2.13.so
7fc4365e5000-7fc4365e6000 r--p 0000b000 08:05 393367                     /lib/x86_64-linux-gnu/libnss_files-2.13.so
7fc4365e6000-7fc4365e7000 rw-p 0000c000 08:05 393367                     /lib/x86_64-linux-gnu/libnss_files-2.13.so
7fc4365e7000-7fc4365f1000 r-xp 00000000 08:05 393369                     /lib/x86_64-linux-gnu/libnss_nis-2.13.so
7fc4365f1000-7fc4367f1000 ---p 0000a000 08:05 393369                     /lib/x86_64-linux-gnu/libnss_nis-2.13.so
7fc4367f1000-7fc4367f2000 r--p 0000a000 08:05 393369                     /lib/x86_64-linux-gnu/libnss_nis-2.13.so
7fc4367f2000-7fc4367f3000 rw-p 0000b000 08:05 393369                     /lib/x86_64-linux-gnu/libnss_nis-2.13.so
7fc4367f3000-7fc43680a000 r-xp 00000000 08:05 393364                     /lib/x86_64-linux-gnu/libnsl-2.13.so
7fc43680a000-7fc436a09000 ---p 00017000 08:05 393364                     /lib/x86_64-linux-gnu/libnsl-2.13.so
7fc436a09000-7fc436a0a000 r--p 00016000 08:05 393364                     /lib/x86_64-linux-gnu/libnsl-2.13.so
7fc436a0a000-7fc436a0b000 rw-p 00017000 08:05 393364                     /lib/x86_64-linux-gnu/libnsl-2.13.so
7fc436a0b000-7fc436a0d000 rw-p 00000000 00:00 0 
7fc436a0d000-7fc436a15000 r-xp 00000000 08:05 393365                     /lib/x86_64-linux-gnu/libnss_compat-2.13.so
7fc436a15000-7fc436c14000 ---p 00008000 08:05 393365                     /lib/x86_64-linux-gnu/libnss_compat-2.13.so
7fc436c14000-7fc436c15000 r--p 00007000 08:05 393365                     /lib/x86_64-linux-gnu/libnss_compat-2.13.so
7fc436c15000-7fc436c16000 rw-p 00008000 08:05 393365                     /lib/x86_64-linux-gnu/libnss_compat-2.13.so
7fc436c16000-7fc436c3f000 r-xp 00000000 08:05 2498316                    /usr/lib/jvm/java-7-openjdk-amd64/jre/lib/amd64/libjava.so
7fc436c3f000-7fc436e3e000 ---p 00029000 08:05 2498316                    /usr/lib/jvm/java-7-openjdk-amd64/jre/lib/amd64/libjava.so
7fc436e3e000-7fc436e3f000 r--p 00028000 08:05 2498316                    /usr/lib/jvm/java-7-openjdk-amd64/jre/lib/amd64/libjava.so
7fc436e3f000-7fc436e41000 rw-p 00029000 08:05 2498316                    /usr/lib/jvm/java-7-openjdk-amd64/jre/lib/amd64/libjava.so
7fc436e41000-7fc436e4f000 r-xp 00000000 08:05 2498302                    /usr/lib/jvm/java-7-openjdk-amd64/jre/lib/amd64/libverify.so
7fc436e4f000-7fc43704e000 ---p 0000e000 08:05 2498302                    /usr/lib/jvm/java-7-openjdk-amd64/jre/lib/amd64/libverify.so
7fc43704e000-7fc437050000 r--p 0000d000 08:05 2498302                    /usr/lib/jvm/java-7-openjdk-amd64/jre/lib/amd64/libverify.so
7fc437050000-7fc437051000 rw-p 0000f000 08:05 2498302                    /usr/lib/jvm/java-7-openjdk-amd64/jre/lib/amd64/libverify.so
7fc437051000-7fc437058000 r-xp 00000000 08:05 393374                     /lib/x86_64-linux-gnu/librt-2.13.so
7fc437058000-7fc437257000 ---p 00007000 08:05 393374                     /lib/x86_64-linux-gnu/librt-2.13.so
7fc437257000-7fc437258000 r--p 00006000 08:05 393374                     /lib/x86_64-linux-gnu/librt-2.13.so
7fc437258000-7fc437259000 rw-p 00007000 08:05 393374                     /lib/x86_64-linux-gnu/librt-2.13.so
7fc437259000-7fc43726e000 r-xp 00000000 08:05 397000                     /lib/x86_64-linux-gnu/libgcc_s.so.1
7fc43726e000-7fc43746d000 ---p 00015000 08:05 397000                     /lib/x86_64-linux-gnu/libgcc_s.so.1
7fc43746d000-7fc43746e000 r--p 00014000 08:05 397000                     /lib/x86_64-linux-gnu/libgcc_s.so.1
7fc43746e000-7fc43746f000 rw-p 00015000 08:05 397000                     /lib/x86_64-linux-gnu/libgcc_s.so.1
7fc43746f000-7fc4374f2000 r-xp 00000000 08:05 393362                     /lib/x86_64-linux-gnu/libm-2.13.so
7fc4374f2000-7fc4376f1000 ---p 00083000 08:05 393362                     /lib/x86_64-linux-gnu/libm-2.13.so
7fc4376f1000-7fc4376f2000 r--p 00082000 08:05 393362                     /lib/x86_64-linux-gnu/libm-2.13.so
7fc4376f2000-7fc4376f3000 rw-p 00083000 08:05 393362                     /lib/x86_64-linux-gnu/libm-2.13.so
7fc4376f3000-7fc4377db000 r-xp 00000000 08:05 8789540                    /usr/lib/x86_64-linux-gnu/libstdc++.so.6.0.16
7fc4377db000-7fc4379db000 ---p 000e8000 08:05 8789540                    /usr/lib/x86_64-linux-gnu/libstdc++.so.6.0.16
7fc4379db000-7fc4379e3000 r--p 000e8000 08:05 8789540                    /usr/lib/x86_64-linux-gnu/libstdc++.so.6.0.16
7fc4379e3000-7fc4379e5000 rw-p 000f0000 08:05 8789540                    /usr/lib/x86_64-linux-gnu/libstdc++.so.6.0.16
7fc4379e5000-7fc4379fa000 rw-p 00000000 00:00 0 
7fc4379fa000-7fc438380000 r-xp 00000000 08:05 2626449                    /usr/lib/jvm/java-7-openjdk-amd64/jre/lib/amd64/server/libjvm.so
7fc438380000-7fc438580000 ---p 00986000 08:05 2626449                    /usr/lib/jvm/java-7-openjdk-amd64/jre/lib/amd64/server/libjvm.so
7fc438580000-7fc4385fe000 r--p 00986000 08:05 2626449                    /usr/lib/jvm/java-7-openjdk-amd64/jre/lib/amd64/server/libjvm.so
7fc4385fe000-7fc438619000 rw-p 00a04000 08:05 2626449                    /usr/lib/jvm/java-7-openjdk-amd64/jre/lib/amd64/server/libjvm.so
7fc438619000-7fc438644000 rw-p 00000000 00:00 0 
7fc438644000-7fc43865c000 r-xp 00000000 08:05 393372                     /lib/x86_64-linux-gnu/libpthread-2.13.so
7fc43865c000-7fc43885b000 ---p 00018000 08:05 393372                     /lib/x86_64-linux-gnu/libpthread-2.13.so
7fc43885b000-7fc43885c000 r--p 00017000 08:05 393372                     /lib/x86_64-linux-gnu/libpthread-2.13.so
7fc43885c000-7fc43885d000 rw-p 00018000 08:05 393372                     /lib/x86_64-linux-gnu/libpthread-2.13.so
7fc43885d000-7fc438861000 rw-p 00000000 00:00 0 
7fc438861000-7fc438878000 r-xp 00000000 08:05 397062                     /lib/x86_64-linux-gnu/libz.so.1.2.3.4
7fc438878000-7fc438a77000 ---p 00017000 08:05 397062                     /lib/x86_64-linux-gnu/libz.so.1.2.3.4
7fc438a77000-7fc438a78000 r--p 00016000 08:05 397062                     /lib/x86_64-linux-gnu/libz.so.1.2.3.4
7fc438a78000-7fc438a79000 rw-p 00017000 08:05 397062                     /lib/x86_64-linux-gnu/libz.so.1.2.3.4
7fc438a79000-7fc438a7b000 r-xp 00000000 08:05 393361                     /lib/x86_64-linux-gnu/libdl-2.13.so
7fc438a7b000-7fc438c7b000 ---p 00002000 08:05 393361                     /lib/x86_64-linux-gnu/libdl-2.13.so
7fc438c7b000-7fc438c7c000 r--p 00002000 08:05 393361                     /lib/x86_64-linux-gnu/libdl-2.13.so
7fc438c7c000-7fc438c7d000 rw-p 00003000 08:05 393361                     /lib/x86_64-linux-gnu/libdl-2.13.so
7fc438c7d000-7fc438e14000 r-xp 00000000 08:05 393256                     /lib/x86_64-linux-gnu/libc-2.13.so
7fc438e14000-7fc439013000 ---p 00197000 08:05 393256                     /lib/x86_64-linux-gnu/libc-2.13.so
7fc439013000-7fc439017000 r--p 00196000 08:05 393256                     /lib/x86_64-linux-gnu/libc-2.13.so
7fc439017000-7fc439018000 rw-p 0019a000 08:05 393256                     /lib/x86_64-linux-gnu/libc-2.13.so
7fc439018000-7fc43901e000 rw-p 00000000 00:00 0 
7fc43901e000-7fc43902a000 r-xp 00000000 08:05 2626447                    /usr/lib/jvm/java-7-openjdk-amd64/jre/lib/amd64/jli/libjli.so
7fc43902a000-7fc439229000 ---p 0000c000 08:05 2626447                    /usr/lib/jvm/java-7-openjdk-amd64/jre/lib/amd64/jli/libjli.so
7fc439229000-7fc43922a000 r--p 0000b000 08:05 2626447                    /usr/lib/jvm/java-7-openjdk-amd64/jre/lib/amd64/jli/libjli.so
7fc43922a000-7fc43922b000 rw-p 0000c000 08:05 2626447                    /usr/lib/jvm/java-7-openjdk-amd64/jre/lib/amd64/jli/libjli.so
7fc43922b000-7fc43924c000 r-xp 00000000 08:05 393220                     /lib/x86_64-linux-gnu/ld-2.13.so
7fc439260000-7fc43926a000 rw-p 00000000 00:00 0 
7fc43926a000-7fc439320000 rw-p 00000000 00:00 0 
7fc439320000-7fc439323000 ---p 00000000 00:00 0 
7fc439323000-7fc439426000 rw-p 00000000 00:00 0 
7fc43943f000-7fc439447000 rw-s 00000000 08:05 5904740                    /tmp/hsperfdata_egemen/5226
7fc439447000-7fc439448000 rw-p 00000000 00:00 0 
7fc439448000-7fc439449000 r--p 00000000 00:00 0 
7fc439449000-7fc43944b000 rw-p 00000000 00:00 0 
7fc43944b000-7fc43944c000 r--p 00020000 08:05 393220                     /lib/x86_64-linux-gnu/ld-2.13.so
7fc43944c000-7fc43944e000 rw-p 00021000 08:05 393220                     /lib/x86_64-linux-gnu/ld-2.13.so
7fffadfed000-7fffae00e000 rw-p 00000000 00:00 0                          [stack]
7fffae13d000-7fffae13e000 r-xp 00000000 00:00 0                          [vdso]
ffffffffff600000-ffffffffff601000 r-xp 00000000 00:00 0                  [vsyscall]

VM Arguments:
jvm_args: -Dfile.encoding=UTF-8 -Xbootclasspath:/home/egemen/ANDROID/android-sdk-linux/platforms/android-3/android.jar 
java_command: uav.xml.parserconstructor.Parser
Launcher Type: SUN_STANDARD

Environment Variables:
PATH=/usr/lib/lightdm/lightdm:/usr/local/sbin:/usr/local/bin:/usr/sbin:/usr/bin:/sbin:/bin:/usr/games
USERNAME=egemen
SHELL=/bin/bash
DISPLAY=:0.0

Signal Handlers:
SIGSEGV: [libjvm.so+0x7fca30], sa_mask[0]=0x7ffbfeff, sa_flags=0x10000004
SIGBUS: [libjvm.so+0x7fca30], sa_mask[0]=0x7ffbfeff, sa_flags=0x10000004
SIGFPE: [libjvm.so+0x6a1150], sa_mask[0]=0x7ffbfeff, sa_flags=0x10000004
SIGPIPE: [libjvm.so+0x6a1150], sa_mask[0]=0x7ffbfeff, sa_flags=0x10000004
SIGXFSZ: [libjvm.so+0x6a1150], sa_mask[0]=0x7ffbfeff, sa_flags=0x10000004
SIGILL: [libjvm.so+0x6a1150], sa_mask[0]=0x7ffbfeff, sa_flags=0x10000004
SIGUSR1: SIG_DFL, sa_mask[0]=0x00000000, sa_flags=0x00000000
SIGUSR2: [libjvm.so+0x6a1520], sa_mask[0]=0x00000004, sa_flags=0x10000004
SIGHUP: SIG_DFL, sa_mask[0]=0x00000000, sa_flags=0x00000000
SIGINT: SIG_DFL, sa_mask[0]=0x00000000, sa_flags=0x00000000
SIGTERM: SIG_DFL, sa_mask[0]=0x00000000, sa_flags=0x00000000
SIGQUIT: SIG_DFL, sa_mask[0]=0x00000000, sa_flags=0x00000000


---------------  S Y S T E M  ---------------

OS:Ubuntu 11.10 (oneiric)
uname:Linux 3.0.0-19-generic #33-Ubuntu SMP Thu Apr 19 19:05:14 UTC 2012 x86_64
libc:glibc 2.13 NPTL 2.13 
rlimit: STACK 8192k, CORE 0k, NPROC 28332, NOFILE 4096, AS infinity
load average:1.51 1.31 1.17

/proc/meminfo:
MemTotal:        3644448 kB
MemFree:          150316 kB
Buffers:           98048 kB
Cached:          1070988 kB
SwapCached:          820 kB
Active:          2169368 kB
Inactive:         942088 kB
Active(anon):    1735896 kB
Inactive(anon):   220768 kB
Active(file):     433472 kB
Inactive(file):   721320 kB
Unevictable:          16 kB
Mlocked:              16 kB
SwapTotal:       3774460 kB
SwapFree:        3772916 kB
Dirty:               308 kB
Writeback:             0 kB
AnonPages:       1942028 kB
Mapped:           309840 kB
Shmem:             14244 kB
Slab:              90072 kB
SReclaimable:      62924 kB
SUnreclaim:        27148 kB
KernelStack:        4688 kB
PageTables:        38100 kB
NFS_Unstable:          0 kB
Bounce:                0 kB
WritebackTmp:          0 kB
CommitLimit:     5596684 kB
Committed_AS:    5313876 kB
VmallocTotal:   34359738367 kB
VmallocUsed:       87496 kB
VmallocChunk:   34359648668 kB
HardwareCorrupted:     0 kB
AnonHugePages:         0 kB
HugePages_Total:       0
HugePages_Free:        0
HugePages_Rsvd:        0
HugePages_Surp:        0
Hugepagesize:       2048 kB
DirectMap4k:      141312 kB
DirectMap2M:     2590720 kB
DirectMap1G:     1048576 kB


CPU:total 2 (2 cores per cpu, 1 threads per core) family 20 model 2 stepping 0, cmov, cx8, fxsr, mmx, sse, sse2, sse3, ssse3, popcnt, mmxext, lzcnt, sse4a

Memory: 4k page, physical 3644448k(150316k free), swap 3774460k(3772916k free)

vm_info: OpenJDK 64-Bit Server VM (21.0-b17) for linux-amd64 JRE (1.7.0_147-b147), built on Oct 21 2011 22:21:29 by "buildd" with gcc 4.6.1

time: Tue May 15 01:35:25 2012
elapsed time: 0 seconds

