#
# A fatal error has been detected by the Java Runtime Environment:
#
#  Internal Error (classFileParser.cpp:3470), pid=5239, tid=139888972703488
#  Error: ShouldNotReachHere()
#
# JRE version: 7.0_147-b147
# Java VM: OpenJDK 64-Bit Server VM (21.0-b17 mixed mode linux-amd64 compressed oops)
# Derivative: IcedTea7 2.0
# Distribution: Ubuntu 11.10, package 7~b147-2.0-0ubuntu0.11.10.1
# Failed to write core dump. Core dumps have been disabled. To enable core dumping, try "ulimit -c unlimited" before starting Java again
#
# If you would like to submit a bug report, please include
# instructions on how to reproduce the bug and visit:
#   https://bugs.launchpad.net/ubuntu/+source/openjdk-7/
#

---------------  T H R E A D  ---------------

Current thread (0x0000000000698800):  JavaThread "Unknown thread" [_thread_in_vm, id=5242, stack(0x00007f3a7076a000,0x00007f3a7086b000)]

Stack: [0x00007f3a7076a000,0x00007f3a7086b000],  sp=0x00007f3a708691c0,  free space=1020k
Native frames: (J=compiled Java code, j=interpreted, Vv=VM code, C=native code)
V  [libjvm.so+0x7fbfb9]  VMError::report_and_die()+0x169
V  [libjvm.so+0x3c9470]  report_should_not_reach_here(char const*, int)+0x40
V  [libjvm.so+0x351597]  ClassFileParser::parseClassFile(Symbol*, Handle, Handle, KlassHandle, GrowableArray<Handle>*, TempNewSymbol&, bool, Thread*)+0x1787
V  [libjvm.so+0x3558d8]  ClassLoader::load_classfile(Symbol*, Thread*)+0x1e8
V  [libjvm.so+0x78a6e4]  SystemDictionary::load_instance_class(Symbol*, Handle, Thread*)+0x3f4
V  [libjvm.so+0x788c19]  SystemDictionary::resolve_instance_class_or_null(Symbol*, Handle, Handle, Thread*)+0x609
V  [libjvm.so+0x78b115]  SystemDictionary::initialize_wk_klasses_until(SystemDictionary::WKID, SystemDictionary::WKID&, Thread*)+0x145
V  [libjvm.so+0x78b277]  SystemDictionary::initialize_preloaded_classes(Thread*)+0x67
V  [libjvm.so+0x7d7d23]  Universe::genesis(Thread*)+0x443
V  [libjvm.so+0x7d81d2]  universe2_init()+0x32
V  [libjvm.so+0x4a14f5]  init_globals()+0x95
V  [libjvm.so+0x7be4c4]  Threads::create_vm(JavaVMInitArgs*, bool*)+0x394
V  [libjvm.so+0x5017aa]  JNI_CreateJavaVM+0x5a
C  [libjli.so+0x27cc]  __strcat_chk+0x27cc


---------------  P R O C E S S  ---------------

Java Threads: ( => current thread )

Other Threads:

=>0x0000000000698800 (exited) JavaThread "Unknown thread" [_thread_in_vm, id=5242, stack(0x00007f3a7076a000,0x00007f3a7086b000)]

VM state:not at safepoint (not fully initialized)

VM Mutex/Monitor currently owned by a thread: None

Dynamic libraries:
00400000-00401000 r-xp 00000000 08:05 2364207                            /usr/lib/jvm/java-7-openjdk-amd64/jre/bin/java
00600000-00601000 r--p 00000000 08:05 2364207                            /usr/lib/jvm/java-7-openjdk-amd64/jre/bin/java
00601000-00602000 rw-p 00001000 08:05 2364207                            /usr/lib/jvm/java-7-openjdk-amd64/jre/bin/java
0068e000-006fd000 rw-p 00000000 00:00 0                                  [heap]
be000000-bf4c0000 rw-p 00000000 00:00 0 
bf4c0000-c8600000 rw-p 00000000 00:00 0 
c8600000-cab20000 rw-p 00000000 00:00 0 
cab20000-ed760000 rw-p 00000000 00:00 0 
ed760000-ee9e0000 rw-p 00000000 00:00 0 
ee9e0000-100000000 rw-p 00000000 00:00 0 
7f3a6a01e000-7f3a6a064000 r--s 002b3000 08:05 5512520                    /home/egemen/ANDROID/android-sdk-linux/platforms/android-3/android.jar
7f3a6a064000-7f3a6a08c000 rw-p 00000000 00:00 0 
7f3a6a08c000-7f3a6a08d000 ---p 00000000 00:00 0 
7f3a6a08d000-7f3a6a18d000 rw-p 00000000 00:00 0 
7f3a6a18d000-7f3a6a18e000 ---p 00000000 00:00 0 
7f3a6a18e000-7f3a6a299000 rw-p 00000000 00:00 0 
7f3a6a299000-7f3a6a2e1000 rw-p 00000000 00:00 0 
7f3a6a2e1000-7f3a6a2f4000 rw-p 00000000 00:00 0 
7f3a6a2f4000-7f3a6a40a000 rw-p 00000000 00:00 0 
7f3a6a40a000-7f3a6a415000 rw-p 00000000 00:00 0 
7f3a6a415000-7f3a6a45d000 rw-p 00000000 00:00 0 
7f3a6a45d000-7f3a6a470000 rw-p 00000000 00:00 0 
7f3a6a470000-7f3a6a585000 rw-p 00000000 00:00 0 
7f3a6a585000-7f3a6a58f000 rw-p 00000000 00:00 0 
7f3a6a58f000-7f3a6a61a000 rw-p 00000000 00:00 0 
7f3a6a61a000-7f3a6a61b000 rw-p 00000000 00:00 0 
7f3a6a61b000-7f3a6a88b000 rwxp 00000000 00:00 0 
7f3a6a88b000-7f3a6d61b000 rw-p 00000000 00:00 0 
7f3a6d61b000-7f3a6d623000 r-xp 00000000 08:05 2498317                    /usr/lib/jvm/java-7-openjdk-amd64/jre/lib/amd64/libzip.so
7f3a6d623000-7f3a6d822000 ---p 00008000 08:05 2498317                    /usr/lib/jvm/java-7-openjdk-amd64/jre/lib/amd64/libzip.so
7f3a6d822000-7f3a6d823000 r--p 00007000 08:05 2498317                    /usr/lib/jvm/java-7-openjdk-amd64/jre/lib/amd64/libzip.so
7f3a6d823000-7f3a6d824000 rw-p 00008000 08:05 2498317                    /usr/lib/jvm/java-7-openjdk-amd64/jre/lib/amd64/libzip.so
7f3a6d824000-7f3a6d830000 r-xp 00000000 08:05 393367                     /lib/x86_64-linux-gnu/libnss_files-2.13.so
7f3a6d830000-7f3a6da2f000 ---p 0000c000 08:05 393367                     /lib/x86_64-linux-gnu/libnss_files-2.13.so
7f3a6da2f000-7f3a6da30000 r--p 0000b000 08:05 393367                     /lib/x86_64-linux-gnu/libnss_files-2.13.so
7f3a6da30000-7f3a6da31000 rw-p 0000c000 08:05 393367                     /lib/x86_64-linux-gnu/libnss_files-2.13.so
7f3a6da31000-7f3a6da3b000 r-xp 00000000 08:05 393369                     /lib/x86_64-linux-gnu/libnss_nis-2.13.so
7f3a6da3b000-7f3a6dc3b000 ---p 0000a000 08:05 393369                     /lib/x86_64-linux-gnu/libnss_nis-2.13.so
7f3a6dc3b000-7f3a6dc3c000 r--p 0000a000 08:05 393369                     /lib/x86_64-linux-gnu/libnss_nis-2.13.so
7f3a6dc3c000-7f3a6dc3d000 rw-p 0000b000 08:05 393369                     /lib/x86_64-linux-gnu/libnss_nis-2.13.so
7f3a6dc3d000-7f3a6dc54000 r-xp 00000000 08:05 393364                     /lib/x86_64-linux-gnu/libnsl-2.13.so
7f3a6dc54000-7f3a6de53000 ---p 00017000 08:05 393364                     /lib/x86_64-linux-gnu/libnsl-2.13.so
7f3a6de53000-7f3a6de54000 r--p 00016000 08:05 393364                     /lib/x86_64-linux-gnu/libnsl-2.13.so
7f3a6de54000-7f3a6de55000 rw-p 00017000 08:05 393364                     /lib/x86_64-linux-gnu/libnsl-2.13.so
7f3a6de55000-7f3a6de57000 rw-p 00000000 00:00 0 
7f3a6de57000-7f3a6de5f000 r-xp 00000000 08:05 393365                     /lib/x86_64-linux-gnu/libnss_compat-2.13.so
7f3a6de5f000-7f3a6e05e000 ---p 00008000 08:05 393365                     /lib/x86_64-linux-gnu/libnss_compat-2.13.so
7f3a6e05e000-7f3a6e05f000 r--p 00007000 08:05 393365                     /lib/x86_64-linux-gnu/libnss_compat-2.13.so
7f3a6e05f000-7f3a6e060000 rw-p 00008000 08:05 393365                     /lib/x86_64-linux-gnu/libnss_compat-2.13.so
7f3a6e060000-7f3a6e089000 r-xp 00000000 08:05 2498316                    /usr/lib/jvm/java-7-openjdk-amd64/jre/lib/amd64/libjava.so
7f3a6e089000-7f3a6e288000 ---p 00029000 08:05 2498316                    /usr/lib/jvm/java-7-openjdk-amd64/jre/lib/amd64/libjava.so
7f3a6e288000-7f3a6e289000 r--p 00028000 08:05 2498316                    /usr/lib/jvm/java-7-openjdk-amd64/jre/lib/amd64/libjava.so
7f3a6e289000-7f3a6e28b000 rw-p 00029000 08:05 2498316                    /usr/lib/jvm/java-7-openjdk-amd64/jre/lib/amd64/libjava.so
7f3a6e28b000-7f3a6e299000 r-xp 00000000 08:05 2498302                    /usr/lib/jvm/java-7-openjdk-amd64/jre/lib/amd64/libverify.so
7f3a6e299000-7f3a6e498000 ---p 0000e000 08:05 2498302                    /usr/lib/jvm/java-7-openjdk-amd64/jre/lib/amd64/libverify.so
7f3a6e498000-7f3a6e49a000 r--p 0000d000 08:05 2498302                    /usr/lib/jvm/java-7-openjdk-amd64/jre/lib/amd64/libverify.so
7f3a6e49a000-7f3a6e49b000 rw-p 0000f000 08:05 2498302                    /usr/lib/jvm/java-7-openjdk-amd64/jre/lib/amd64/libverify.so
7f3a6e49b000-7f3a6e4a2000 r-xp 00000000 08:05 393374                     /lib/x86_64-linux-gnu/librt-2.13.so
7f3a6e4a2000-7f3a6e6a1000 ---p 00007000 08:05 393374                     /lib/x86_64-linux-gnu/librt-2.13.so
7f3a6e6a1000-7f3a6e6a2000 r--p 00006000 08:05 393374                     /lib/x86_64-linux-gnu/librt-2.13.so
7f3a6e6a2000-7f3a6e6a3000 rw-p 00007000 08:05 393374                     /lib/x86_64-linux-gnu/librt-2.13.so
7f3a6e6a3000-7f3a6e6b8000 r-xp 00000000 08:05 397000                     /lib/x86_64-linux-gnu/libgcc_s.so.1
7f3a6e6b8000-7f3a6e8b7000 ---p 00015000 08:05 397000                     /lib/x86_64-linux-gnu/libgcc_s.so.1
7f3a6e8b7000-7f3a6e8b8000 r--p 00014000 08:05 397000                     /lib/x86_64-linux-gnu/libgcc_s.so.1
7f3a6e8b8000-7f3a6e8b9000 rw-p 00015000 08:05 397000                     /lib/x86_64-linux-gnu/libgcc_s.so.1
7f3a6e8b9000-7f3a6e93c000 r-xp 00000000 08:05 393362                     /lib/x86_64-linux-gnu/libm-2.13.so
7f3a6e93c000-7f3a6eb3b000 ---p 00083000 08:05 393362                     /lib/x86_64-linux-gnu/libm-2.13.so
7f3a6eb3b000-7f3a6eb3c000 r--p 00082000 08:05 393362                     /lib/x86_64-linux-gnu/libm-2.13.so
7f3a6eb3c000-7f3a6eb3d000 rw-p 00083000 08:05 393362                     /lib/x86_64-linux-gnu/libm-2.13.so
7f3a6eb3d000-7f3a6ec25000 r-xp 00000000 08:05 8789540                    /usr/lib/x86_64-linux-gnu/libstdc++.so.6.0.16
7f3a6ec25000-7f3a6ee25000 ---p 000e8000 08:05 8789540                    /usr/lib/x86_64-linux-gnu/libstdc++.so.6.0.16
7f3a6ee25000-7f3a6ee2d000 r--p 000e8000 08:05 8789540                    /usr/lib/x86_64-linux-gnu/libstdc++.so.6.0.16
7f3a6ee2d000-7f3a6ee2f000 rw-p 000f0000 08:05 8789540                    /usr/lib/x86_64-linux-gnu/libstdc++.so.6.0.16
7f3a6ee2f000-7f3a6ee44000 rw-p 00000000 00:00 0 
7f3a6ee44000-7f3a6f7ca000 r-xp 00000000 08:05 2626449                    /usr/lib/jvm/java-7-openjdk-amd64/jre/lib/amd64/server/libjvm.so
7f3a6f7ca000-7f3a6f9ca000 ---p 00986000 08:05 2626449                    /usr/lib/jvm/java-7-openjdk-amd64/jre/lib/amd64/server/libjvm.so
7f3a6f9ca000-7f3a6fa48000 r--p 00986000 08:05 2626449                    /usr/lib/jvm/java-7-openjdk-amd64/jre/lib/amd64/server/libjvm.so
7f3a6fa48000-7f3a6fa63000 rw-p 00a04000 08:05 2626449                    /usr/lib/jvm/java-7-openjdk-amd64/jre/lib/amd64/server/libjvm.so
7f3a6fa63000-7f3a6fa8e000 rw-p 00000000 00:00 0 
7f3a6fa8e000-7f3a6faa6000 r-xp 00000000 08:05 393372                     /lib/x86_64-linux-gnu/libpthread-2.13.so
7f3a6faa6000-7f3a6fca5000 ---p 00018000 08:05 393372                     /lib/x86_64-linux-gnu/libpthread-2.13.so
7f3a6fca5000-7f3a6fca6000 r--p 00017000 08:05 393372                     /lib/x86_64-linux-gnu/libpthread-2.13.so
7f3a6fca6000-7f3a6fca7000 rw-p 00018000 08:05 393372                     /lib/x86_64-linux-gnu/libpthread-2.13.so
7f3a6fca7000-7f3a6fcab000 rw-p 00000000 00:00 0 
7f3a6fcab000-7f3a6fcc2000 r-xp 00000000 08:05 397062                     /lib/x86_64-linux-gnu/libz.so.1.2.3.4
7f3a6fcc2000-7f3a6fec1000 ---p 00017000 08:05 397062                     /lib/x86_64-linux-gnu/libz.so.1.2.3.4
7f3a6fec1000-7f3a6fec2000 r--p 00016000 08:05 397062                     /lib/x86_64-linux-gnu/libz.so.1.2.3.4
7f3a6fec2000-7f3a6fec3000 rw-p 00017000 08:05 397062                     /lib/x86_64-linux-gnu/libz.so.1.2.3.4
7f3a6fec3000-7f3a6fec5000 r-xp 00000000 08:05 393361                     /lib/x86_64-linux-gnu/libdl-2.13.so
7f3a6fec5000-7f3a700c5000 ---p 00002000 08:05 393361                     /lib/x86_64-linux-gnu/libdl-2.13.so
7f3a700c5000-7f3a700c6000 r--p 00002000 08:05 393361                     /lib/x86_64-linux-gnu/libdl-2.13.so
7f3a700c6000-7f3a700c7000 rw-p 00003000 08:05 393361                     /lib/x86_64-linux-gnu/libdl-2.13.so
7f3a700c7000-7f3a7025e000 r-xp 00000000 08:05 393256                     /lib/x86_64-linux-gnu/libc-2.13.so
7f3a7025e000-7f3a7045d000 ---p 00197000 08:05 393256                     /lib/x86_64-linux-gnu/libc-2.13.so
7f3a7045d000-7f3a70461000 r--p 00196000 08:05 393256                     /lib/x86_64-linux-gnu/libc-2.13.so
7f3a70461000-7f3a70462000 rw-p 0019a000 08:05 393256                     /lib/x86_64-linux-gnu/libc-2.13.so
7f3a70462000-7f3a70468000 rw-p 00000000 00:00 0 
7f3a70468000-7f3a70474000 r-xp 00000000 08:05 2626447                    /usr/lib/jvm/java-7-openjdk-amd64/jre/lib/amd64/jli/libjli.so
7f3a70474000-7f3a70673000 ---p 0000c000 08:05 2626447                    /usr/lib/jvm/java-7-openjdk-amd64/jre/lib/amd64/jli/libjli.so
7f3a70673000-7f3a70674000 r--p 0000b000 08:05 2626447                    /usr/lib/jvm/java-7-openjdk-amd64/jre/lib/amd64/jli/libjli.so
7f3a70674000-7f3a70675000 rw-p 0000c000 08:05 2626447                    /usr/lib/jvm/java-7-openjdk-amd64/jre/lib/amd64/jli/libjli.so
7f3a70675000-7f3a70696000 r-xp 00000000 08:05 393220                     /lib/x86_64-linux-gnu/ld-2.13.so
7f3a706aa000-7f3a706b4000 rw-p 00000000 00:00 0 
7f3a706b4000-7f3a7076a000 rw-p 00000000 00:00 0 
7f3a7076a000-7f3a7076d000 ---p 00000000 00:00 0 
7f3a7076d000-7f3a70870000 rw-p 00000000 00:00 0 
7f3a70889000-7f3a70891000 rw-s 00000000 08:05 5904740                    /tmp/hsperfdata_egemen/5239
7f3a70891000-7f3a70892000 rw-p 00000000 00:00 0 
7f3a70892000-7f3a70893000 r--p 00000000 00:00 0 
7f3a70893000-7f3a70895000 rw-p 00000000 00:00 0 
7f3a70895000-7f3a70896000 r--p 00020000 08:05 393220                     /lib/x86_64-linux-gnu/ld-2.13.so
7f3a70896000-7f3a70898000 rw-p 00021000 08:05 393220                     /lib/x86_64-linux-gnu/ld-2.13.so
7fff8a437000-7fff8a458000 rw-p 00000000 00:00 0                          [stack]
7fff8a5d6000-7fff8a5d7000 r-xp 00000000 00:00 0                          [vdso]
ffffffffff600000-ffffffffff601000 r-xp 00000000 00:00 0                  [vsyscall]

VM Arguments:
jvm_args: -Dfile.encoding=UTF-8 -Xbootclasspath:/home/egemen/ANDROID/android-sdk-linux/platforms/android-3/android.jar 
java_command: uav.xml.parserconstructor.Parser
Launcher Type: SUN_STANDARD

Environment Variables:
PATH=/usr/lib/lightdm/lightdm:/usr/local/sbin:/usr/local/bin:/usr/sbin:/usr/bin:/sbin:/bin:/usr/games
USERNAME=egemen
SHELL=/bin/bash
DISPLAY=:0.0

Signal Handlers:
SIGSEGV: [libjvm.so+0x7fca30], sa_mask[0]=0x7ffbfeff, sa_flags=0x10000004
SIGBUS: [libjvm.so+0x7fca30], sa_mask[0]=0x7ffbfeff, sa_flags=0x10000004
SIGFPE: [libjvm.so+0x6a1150], sa_mask[0]=0x7ffbfeff, sa_flags=0x10000004
SIGPIPE: [libjvm.so+0x6a1150], sa_mask[0]=0x7ffbfeff, sa_flags=0x10000004
SIGXFSZ: [libjvm.so+0x6a1150], sa_mask[0]=0x7ffbfeff, sa_flags=0x10000004
SIGILL: [libjvm.so+0x6a1150], sa_mask[0]=0x7ffbfeff, sa_flags=0x10000004
SIGUSR1: SIG_DFL, sa_mask[0]=0x00000000, sa_flags=0x00000000
SIGUSR2: [libjvm.so+0x6a1520], sa_mask[0]=0x00000004, sa_flags=0x10000004
SIGHUP: SIG_DFL, sa_mask[0]=0x00000000, sa_flags=0x00000000
SIGINT: SIG_DFL, sa_mask[0]=0x00000000, sa_flags=0x00000000
SIGTERM: SIG_DFL, sa_mask[0]=0x00000000, sa_flags=0x00000000
SIGQUIT: SIG_DFL, sa_mask[0]=0x00000000, sa_flags=0x00000000


---------------  S Y S T E M  ---------------

OS:Ubuntu 11.10 (oneiric)
uname:Linux 3.0.0-19-generic #33-Ubuntu SMP Thu Apr 19 19:05:14 UTC 2012 x86_64
libc:glibc 2.13 NPTL 2.13 
rlimit: STACK 8192k, CORE 0k, NPROC 28332, NOFILE 4096, AS infinity
load average:1.02 1.21 1.14

/proc/meminfo:
MemTotal:        3644448 kB
MemFree:          151980 kB
Buffers:           98288 kB
Cached:          1071404 kB
SwapCached:          820 kB
Active:          2167564 kB
Inactive:         942268 kB
Active(anon):    1733616 kB
Inactive(anon):   220768 kB
Active(file):     433948 kB
Inactive(file):   721500 kB
Unevictable:          16 kB
Mlocked:              16 kB
SwapTotal:       3774460 kB
SwapFree:        3772916 kB
Dirty:               100 kB
Writeback:             0 kB
AnonPages:       1939600 kB
Mapped:           309864 kB
Shmem:             14244 kB
Slab:              90132 kB
SReclaimable:      62864 kB
SUnreclaim:        27268 kB
KernelStack:        4704 kB
PageTables:        38120 kB
NFS_Unstable:          0 kB
Bounce:                0 kB
WritebackTmp:          0 kB
CommitLimit:     5596684 kB
Committed_AS:    5315292 kB
VmallocTotal:   34359738367 kB
VmallocUsed:       87496 kB
VmallocChunk:   34359648668 kB
HardwareCorrupted:     0 kB
AnonHugePages:         0 kB
HugePages_Total:       0
HugePages_Free:        0
HugePages_Rsvd:        0
HugePages_Surp:        0
Hugepagesize:       2048 kB
DirectMap4k:      141312 kB
DirectMap2M:     2590720 kB
DirectMap1G:     1048576 kB


CPU:total 2 (2 cores per cpu, 1 threads per core) family 20 model 2 stepping 0, cmov, cx8, fxsr, mmx, sse, sse2, sse3, ssse3, popcnt, mmxext, lzcnt, sse4a

Memory: 4k page, physical 3644448k(151980k free), swap 3774460k(3772916k free)

vm_info: OpenJDK 64-Bit Server VM (21.0-b17) for linux-amd64 JRE (1.7.0_147-b147), built on Oct 21 2011 22:21:29 by "buildd" with gcc 4.6.1

time: Tue May 15 01:36:24 2012
elapsed time: 0 seconds

