#
# A fatal error has been detected by the Java Runtime Environment:
#
#  Internal Error (classFileParser.cpp:3470), pid=5136, tid=140000101652224
#  Error: ShouldNotReachHere()
#
# JRE version: 7.0_147-b147
# Java VM: OpenJDK 64-Bit Server VM (21.0-b17 mixed mode linux-amd64 compressed oops)
# Derivative: IcedTea7 2.0
# Distribution: Ubuntu 11.10, package 7~b147-2.0-0ubuntu0.11.10.1
# Failed to write core dump. Core dumps have been disabled. To enable core dumping, try "ulimit -c unlimited" before starting Java again
#
# If you would like to submit a bug report, please include
# instructions on how to reproduce the bug and visit:
#   https://bugs.launchpad.net/ubuntu/+source/openjdk-7/
#

---------------  T H R E A D  ---------------

Current thread (0x0000000000a12800):  JavaThread "Unknown thread" [_thread_in_vm, id=5137, stack(0x00007f545043d000,0x00007f545053e000)]

Stack: [0x00007f545043d000,0x00007f545053e000],  sp=0x00007f545053c1c0,  free space=1020k
Native frames: (J=compiled Java code, j=interpreted, Vv=VM code, C=native code)
V  [libjvm.so+0x7fbfb9]  VMError::report_and_die()+0x169
V  [libjvm.so+0x3c9470]  report_should_not_reach_here(char const*, int)+0x40
V  [libjvm.so+0x351597]  ClassFileParser::parseClassFile(Symbol*, Handle, Handle, KlassHandle, GrowableArray<Handle>*, TempNewSymbol&, bool, Thread*)+0x1787
V  [libjvm.so+0x3558d8]  ClassLoader::load_classfile(Symbol*, Thread*)+0x1e8
V  [libjvm.so+0x78a6e4]  SystemDictionary::load_instance_class(Symbol*, Handle, Thread*)+0x3f4
V  [libjvm.so+0x788c19]  SystemDictionary::resolve_instance_class_or_null(Symbol*, Handle, Handle, Thread*)+0x609
V  [libjvm.so+0x78b115]  SystemDictionary::initialize_wk_klasses_until(SystemDictionary::WKID, SystemDictionary::WKID&, Thread*)+0x145
V  [libjvm.so+0x78b277]  SystemDictionary::initialize_preloaded_classes(Thread*)+0x67
V  [libjvm.so+0x7d7d23]  Universe::genesis(Thread*)+0x443
V  [libjvm.so+0x7d81d2]  universe2_init()+0x32
V  [libjvm.so+0x4a14f5]  init_globals()+0x95
V  [libjvm.so+0x7be4c4]  Threads::create_vm(JavaVMInitArgs*, bool*)+0x394
V  [libjvm.so+0x5017aa]  JNI_CreateJavaVM+0x5a
C  [libjli.so+0x27cc]  __strcat_chk+0x27cc


---------------  P R O C E S S  ---------------

Java Threads: ( => current thread )

Other Threads:

=>0x0000000000a12800 (exited) JavaThread "Unknown thread" [_thread_in_vm, id=5137, stack(0x00007f545043d000,0x00007f545053e000)]

VM state:not at safepoint (not fully initialized)

VM Mutex/Monitor currently owned by a thread: None

Dynamic libraries:
00400000-00401000 r-xp 00000000 08:05 2364207                            /usr/lib/jvm/java-7-openjdk-amd64/jre/bin/java
00600000-00601000 r--p 00000000 08:05 2364207                            /usr/lib/jvm/java-7-openjdk-amd64/jre/bin/java
00601000-00602000 rw-p 00001000 08:05 2364207                            /usr/lib/jvm/java-7-openjdk-amd64/jre/bin/java
00a08000-00a77000 rw-p 00000000 00:00 0                                  [heap]
be000000-bf4c0000 rw-p 00000000 00:00 0 
bf4c0000-c8600000 rw-p 00000000 00:00 0 
c8600000-cab20000 rw-p 00000000 00:00 0 
cab20000-ed760000 rw-p 00000000 00:00 0 
ed760000-ee9e0000 rw-p 00000000 00:00 0 
ee9e0000-100000000 rw-p 00000000 00:00 0 
7f5449cf1000-7f5449d37000 r--s 002b3000 08:05 5512520                    /home/egemen/ANDROID/android-sdk-linux/platforms/android-3/android.jar
7f5449d37000-7f5449d5f000 rw-p 00000000 00:00 0 
7f5449d5f000-7f5449d60000 ---p 00000000 00:00 0 
7f5449d60000-7f5449e60000 rw-p 00000000 00:00 0 
7f5449e60000-7f5449e61000 ---p 00000000 00:00 0 
7f5449e61000-7f5449f6c000 rw-p 00000000 00:00 0 
7f5449f6c000-7f5449fb4000 rw-p 00000000 00:00 0 
7f5449fb4000-7f5449fc7000 rw-p 00000000 00:00 0 
7f5449fc7000-7f544a0dd000 rw-p 00000000 00:00 0 
7f544a0dd000-7f544a0e8000 rw-p 00000000 00:00 0 
7f544a0e8000-7f544a130000 rw-p 00000000 00:00 0 
7f544a130000-7f544a143000 rw-p 00000000 00:00 0 
7f544a143000-7f544a258000 rw-p 00000000 00:00 0 
7f544a258000-7f544a262000 rw-p 00000000 00:00 0 
7f544a262000-7f544a2ed000 rw-p 00000000 00:00 0 
7f544a2ed000-7f544a2ee000 rw-p 00000000 00:00 0 
7f544a2ee000-7f544a55e000 rwxp 00000000 00:00 0 
7f544a55e000-7f544d2ee000 rw-p 00000000 00:00 0 
7f544d2ee000-7f544d2f6000 r-xp 00000000 08:05 2498317                    /usr/lib/jvm/java-7-openjdk-amd64/jre/lib/amd64/libzip.so
7f544d2f6000-7f544d4f5000 ---p 00008000 08:05 2498317                    /usr/lib/jvm/java-7-openjdk-amd64/jre/lib/amd64/libzip.so
7f544d4f5000-7f544d4f6000 r--p 00007000 08:05 2498317                    /usr/lib/jvm/java-7-openjdk-amd64/jre/lib/amd64/libzip.so
7f544d4f6000-7f544d4f7000 rw-p 00008000 08:05 2498317                    /usr/lib/jvm/java-7-openjdk-amd64/jre/lib/amd64/libzip.so
7f544d4f7000-7f544d503000 r-xp 00000000 08:05 393367                     /lib/x86_64-linux-gnu/libnss_files-2.13.so
7f544d503000-7f544d702000 ---p 0000c000 08:05 393367                     /lib/x86_64-linux-gnu/libnss_files-2.13.so
7f544d702000-7f544d703000 r--p 0000b000 08:05 393367                     /lib/x86_64-linux-gnu/libnss_files-2.13.so
7f544d703000-7f544d704000 rw-p 0000c000 08:05 393367                     /lib/x86_64-linux-gnu/libnss_files-2.13.so
7f544d704000-7f544d70e000 r-xp 00000000 08:05 393369                     /lib/x86_64-linux-gnu/libnss_nis-2.13.so
7f544d70e000-7f544d90e000 ---p 0000a000 08:05 393369                     /lib/x86_64-linux-gnu/libnss_nis-2.13.so
7f544d90e000-7f544d90f000 r--p 0000a000 08:05 393369                     /lib/x86_64-linux-gnu/libnss_nis-2.13.so
7f544d90f000-7f544d910000 rw-p 0000b000 08:05 393369                     /lib/x86_64-linux-gnu/libnss_nis-2.13.so
7f544d910000-7f544d927000 r-xp 00000000 08:05 393364                     /lib/x86_64-linux-gnu/libnsl-2.13.so
7f544d927000-7f544db26000 ---p 00017000 08:05 393364                     /lib/x86_64-linux-gnu/libnsl-2.13.so
7f544db26000-7f544db27000 r--p 00016000 08:05 393364                     /lib/x86_64-linux-gnu/libnsl-2.13.so
7f544db27000-7f544db28000 rw-p 00017000 08:05 393364                     /lib/x86_64-linux-gnu/libnsl-2.13.so
7f544db28000-7f544db2a000 rw-p 00000000 00:00 0 
7f544db2a000-7f544db32000 r-xp 00000000 08:05 393365                     /lib/x86_64-linux-gnu/libnss_compat-2.13.so
7f544db32000-7f544dd31000 ---p 00008000 08:05 393365                     /lib/x86_64-linux-gnu/libnss_compat-2.13.so
7f544dd31000-7f544dd32000 r--p 00007000 08:05 393365                     /lib/x86_64-linux-gnu/libnss_compat-2.13.so
7f544dd32000-7f544dd33000 rw-p 00008000 08:05 393365                     /lib/x86_64-linux-gnu/libnss_compat-2.13.so
7f544dd33000-7f544dd5c000 r-xp 00000000 08:05 2498316                    /usr/lib/jvm/java-7-openjdk-amd64/jre/lib/amd64/libjava.so
7f544dd5c000-7f544df5b000 ---p 00029000 08:05 2498316                    /usr/lib/jvm/java-7-openjdk-amd64/jre/lib/amd64/libjava.so
7f544df5b000-7f544df5c000 r--p 00028000 08:05 2498316                    /usr/lib/jvm/java-7-openjdk-amd64/jre/lib/amd64/libjava.so
7f544df5c000-7f544df5e000 rw-p 00029000 08:05 2498316                    /usr/lib/jvm/java-7-openjdk-amd64/jre/lib/amd64/libjava.so
7f544df5e000-7f544df6c000 r-xp 00000000 08:05 2498302                    /usr/lib/jvm/java-7-openjdk-amd64/jre/lib/amd64/libverify.so
7f544df6c000-7f544e16b000 ---p 0000e000 08:05 2498302                    /usr/lib/jvm/java-7-openjdk-amd64/jre/lib/amd64/libverify.so
7f544e16b000-7f544e16d000 r--p 0000d000 08:05 2498302                    /usr/lib/jvm/java-7-openjdk-amd64/jre/lib/amd64/libverify.so
7f544e16d000-7f544e16e000 rw-p 0000f000 08:05 2498302                    /usr/lib/jvm/java-7-openjdk-amd64/jre/lib/amd64/libverify.so
7f544e16e000-7f544e175000 r-xp 00000000 08:05 393374                     /lib/x86_64-linux-gnu/librt-2.13.so
7f544e175000-7f544e374000 ---p 00007000 08:05 393374                     /lib/x86_64-linux-gnu/librt-2.13.so
7f544e374000-7f544e375000 r--p 00006000 08:05 393374                     /lib/x86_64-linux-gnu/librt-2.13.so
7f544e375000-7f544e376000 rw-p 00007000 08:05 393374                     /lib/x86_64-linux-gnu/librt-2.13.so
7f544e376000-7f544e38b000 r-xp 00000000 08:05 397000                     /lib/x86_64-linux-gnu/libgcc_s.so.1
7f544e38b000-7f544e58a000 ---p 00015000 08:05 397000                     /lib/x86_64-linux-gnu/libgcc_s.so.1
7f544e58a000-7f544e58b000 r--p 00014000 08:05 397000                     /lib/x86_64-linux-gnu/libgcc_s.so.1
7f544e58b000-7f544e58c000 rw-p 00015000 08:05 397000                     /lib/x86_64-linux-gnu/libgcc_s.so.1
7f544e58c000-7f544e60f000 r-xp 00000000 08:05 393362                     /lib/x86_64-linux-gnu/libm-2.13.so
7f544e60f000-7f544e80e000 ---p 00083000 08:05 393362                     /lib/x86_64-linux-gnu/libm-2.13.so
7f544e80e000-7f544e80f000 r--p 00082000 08:05 393362                     /lib/x86_64-linux-gnu/libm-2.13.so
7f544e80f000-7f544e810000 rw-p 00083000 08:05 393362                     /lib/x86_64-linux-gnu/libm-2.13.so
7f544e810000-7f544e8f8000 r-xp 00000000 08:05 8789540                    /usr/lib/x86_64-linux-gnu/libstdc++.so.6.0.16
7f544e8f8000-7f544eaf8000 ---p 000e8000 08:05 8789540                    /usr/lib/x86_64-linux-gnu/libstdc++.so.6.0.16
7f544eaf8000-7f544eb00000 r--p 000e8000 08:05 8789540                    /usr/lib/x86_64-linux-gnu/libstdc++.so.6.0.16
7f544eb00000-7f544eb02000 rw-p 000f0000 08:05 8789540                    /usr/lib/x86_64-linux-gnu/libstdc++.so.6.0.16
7f544eb02000-7f544eb17000 rw-p 00000000 00:00 0 
7f544eb17000-7f544f49d000 r-xp 00000000 08:05 2626449                    /usr/lib/jvm/java-7-openjdk-amd64/jre/lib/amd64/server/libjvm.so
7f544f49d000-7f544f69d000 ---p 00986000 08:05 2626449                    /usr/lib/jvm/java-7-openjdk-amd64/jre/lib/amd64/server/libjvm.so
7f544f69d000-7f544f71b000 r--p 00986000 08:05 2626449                    /usr/lib/jvm/java-7-openjdk-amd64/jre/lib/amd64/server/libjvm.so
7f544f71b000-7f544f736000 rw-p 00a04000 08:05 2626449                    /usr/lib/jvm/java-7-openjdk-amd64/jre/lib/amd64/server/libjvm.so
7f544f736000-7f544f761000 rw-p 00000000 00:00 0 
7f544f761000-7f544f779000 r-xp 00000000 08:05 393372                     /lib/x86_64-linux-gnu/libpthread-2.13.so
7f544f779000-7f544f978000 ---p 00018000 08:05 393372                     /lib/x86_64-linux-gnu/libpthread-2.13.so
7f544f978000-7f544f979000 r--p 00017000 08:05 393372                     /lib/x86_64-linux-gnu/libpthread-2.13.so
7f544f979000-7f544f97a000 rw-p 00018000 08:05 393372                     /lib/x86_64-linux-gnu/libpthread-2.13.so
7f544f97a000-7f544f97e000 rw-p 00000000 00:00 0 
7f544f97e000-7f544f995000 r-xp 00000000 08:05 397062                     /lib/x86_64-linux-gnu/libz.so.1.2.3.4
7f544f995000-7f544fb94000 ---p 00017000 08:05 397062                     /lib/x86_64-linux-gnu/libz.so.1.2.3.4
7f544fb94000-7f544fb95000 r--p 00016000 08:05 397062                     /lib/x86_64-linux-gnu/libz.so.1.2.3.4
7f544fb95000-7f544fb96000 rw-p 00017000 08:05 397062                     /lib/x86_64-linux-gnu/libz.so.1.2.3.4
7f544fb96000-7f544fb98000 r-xp 00000000 08:05 393361                     /lib/x86_64-linux-gnu/libdl-2.13.so
7f544fb98000-7f544fd98000 ---p 00002000 08:05 393361                     /lib/x86_64-linux-gnu/libdl-2.13.so
7f544fd98000-7f544fd99000 r--p 00002000 08:05 393361                     /lib/x86_64-linux-gnu/libdl-2.13.so
7f544fd99000-7f544fd9a000 rw-p 00003000 08:05 393361                     /lib/x86_64-linux-gnu/libdl-2.13.so
7f544fd9a000-7f544ff31000 r-xp 00000000 08:05 393256                     /lib/x86_64-linux-gnu/libc-2.13.so
7f544ff31000-7f5450130000 ---p 00197000 08:05 393256                     /lib/x86_64-linux-gnu/libc-2.13.so
7f5450130000-7f5450134000 r--p 00196000 08:05 393256                     /lib/x86_64-linux-gnu/libc-2.13.so
7f5450134000-7f5450135000 rw-p 0019a000 08:05 393256                     /lib/x86_64-linux-gnu/libc-2.13.so
7f5450135000-7f545013b000 rw-p 00000000 00:00 0 
7f545013b000-7f5450147000 r-xp 00000000 08:05 2626447                    /usr/lib/jvm/java-7-openjdk-amd64/jre/lib/amd64/jli/libjli.so
7f5450147000-7f5450346000 ---p 0000c000 08:05 2626447                    /usr/lib/jvm/java-7-openjdk-amd64/jre/lib/amd64/jli/libjli.so
7f5450346000-7f5450347000 r--p 0000b000 08:05 2626447                    /usr/lib/jvm/java-7-openjdk-amd64/jre/lib/amd64/jli/libjli.so
7f5450347000-7f5450348000 rw-p 0000c000 08:05 2626447                    /usr/lib/jvm/java-7-openjdk-amd64/jre/lib/amd64/jli/libjli.so
7f5450348000-7f5450369000 r-xp 00000000 08:05 393220                     /lib/x86_64-linux-gnu/ld-2.13.so
7f545037d000-7f5450387000 rw-p 00000000 00:00 0 
7f5450387000-7f545043d000 rw-p 00000000 00:00 0 
7f545043d000-7f5450440000 ---p 00000000 00:00 0 
7f5450440000-7f5450543000 rw-p 00000000 00:00 0 
7f545055c000-7f5450564000 rw-s 00000000 08:05 5904740                    /tmp/hsperfdata_egemen/5136
7f5450564000-7f5450565000 rw-p 00000000 00:00 0 
7f5450565000-7f5450566000 r--p 00000000 00:00 0 
7f5450566000-7f5450568000 rw-p 00000000 00:00 0 
7f5450568000-7f5450569000 r--p 00020000 08:05 393220                     /lib/x86_64-linux-gnu/ld-2.13.so
7f5450569000-7f545056b000 rw-p 00021000 08:05 393220                     /lib/x86_64-linux-gnu/ld-2.13.so
7fff22d90000-7fff22db1000 rw-p 00000000 00:00 0                          [stack]
7fff22dff000-7fff22e00000 r-xp 00000000 00:00 0                          [vdso]
ffffffffff600000-ffffffffff601000 r-xp 00000000 00:00 0                  [vsyscall]

VM Arguments:
jvm_args: -Dfile.encoding=UTF-8 -Xbootclasspath:/home/egemen/ANDROID/android-sdk-linux/platforms/android-3/android.jar 
java_command: uav.xml.parserconstructor.Parser
Launcher Type: SUN_STANDARD

Environment Variables:
PATH=/usr/lib/lightdm/lightdm:/usr/local/sbin:/usr/local/bin:/usr/sbin:/usr/bin:/sbin:/bin:/usr/games
USERNAME=egemen
SHELL=/bin/bash
DISPLAY=:0.0

Signal Handlers:
SIGSEGV: [libjvm.so+0x7fca30], sa_mask[0]=0x7ffbfeff, sa_flags=0x10000004
SIGBUS: [libjvm.so+0x7fca30], sa_mask[0]=0x7ffbfeff, sa_flags=0x10000004
SIGFPE: [libjvm.so+0x6a1150], sa_mask[0]=0x7ffbfeff, sa_flags=0x10000004
SIGPIPE: [libjvm.so+0x6a1150], sa_mask[0]=0x7ffbfeff, sa_flags=0x10000004
SIGXFSZ: [libjvm.so+0x6a1150], sa_mask[0]=0x7ffbfeff, sa_flags=0x10000004
SIGILL: [libjvm.so+0x6a1150], sa_mask[0]=0x7ffbfeff, sa_flags=0x10000004
SIGUSR1: SIG_DFL, sa_mask[0]=0x00000000, sa_flags=0x00000000
SIGUSR2: [libjvm.so+0x6a1520], sa_mask[0]=0x00000004, sa_flags=0x10000004
SIGHUP: SIG_DFL, sa_mask[0]=0x00000000, sa_flags=0x00000000
SIGINT: SIG_DFL, sa_mask[0]=0x00000000, sa_flags=0x00000000
SIGTERM: SIG_DFL, sa_mask[0]=0x00000000, sa_flags=0x00000000
SIGQUIT: SIG_DFL, sa_mask[0]=0x00000000, sa_flags=0x00000000


---------------  S Y S T E M  ---------------

OS:Ubuntu 11.10 (oneiric)
uname:Linux 3.0.0-19-generic #33-Ubuntu SMP Thu Apr 19 19:05:14 UTC 2012 x86_64
libc:glibc 2.13 NPTL 2.13 
rlimit: STACK 8192k, CORE 0k, NPROC 28332, NOFILE 4096, AS infinity
load average:1.03 1.29 1.14

/proc/meminfo:
MemTotal:        3644448 kB
MemFree:          172008 kB
Buffers:           97788 kB
Cached:          1070592 kB
SwapCached:          820 kB
Active:          2147112 kB
Inactive:         944232 kB
Active(anon):    1716464 kB
Inactive(anon):   220768 kB
Active(file):     430648 kB
Inactive(file):   723464 kB
Unevictable:          16 kB
Mlocked:              16 kB
SwapTotal:       3774460 kB
SwapFree:        3772916 kB
Dirty:               216 kB
Writeback:             0 kB
AnonPages:       1922608 kB
Mapped:           309420 kB
Shmem:             14244 kB
Slab:              89668 kB
SReclaimable:      62772 kB
SUnreclaim:        26896 kB
KernelStack:        4424 kB
PageTables:        37684 kB
NFS_Unstable:          0 kB
Bounce:                0 kB
WritebackTmp:          0 kB
CommitLimit:     5596684 kB
Committed_AS:    5179528 kB
VmallocTotal:   34359738367 kB
VmallocUsed:       87496 kB
VmallocChunk:   34359648668 kB
HardwareCorrupted:     0 kB
AnonHugePages:         0 kB
HugePages_Total:       0
HugePages_Free:        0
HugePages_Rsvd:        0
HugePages_Surp:        0
Hugepagesize:       2048 kB
DirectMap4k:      141312 kB
DirectMap2M:     2590720 kB
DirectMap1G:     1048576 kB


CPU:total 2 (2 cores per cpu, 1 threads per core) family 20 model 2 stepping 0, cmov, cx8, fxsr, mmx, sse, sse2, sse3, ssse3, popcnt, mmxext, lzcnt, sse4a

Memory: 4k page, physical 3644448k(172008k free), swap 3774460k(3772916k free)

vm_info: OpenJDK 64-Bit Server VM (21.0-b17) for linux-amd64 JRE (1.7.0_147-b147), built on Oct 21 2011 22:21:29 by "buildd" with gcc 4.6.1

time: Tue May 15 01:33:29 2012
elapsed time: 0 seconds

